  glad.c
  main.cpp
D:\Work\Developer\C_C++\OpenGL\Tutorial\OpenGLTutorial\330-SSAO\330-SSAO\main.cpp(67,11): warning C4244: '=': conversion from 'double' to 'float', possible loss of data
D:\Work\Developer\C_C++\OpenGL\Tutorial\OpenGLTutorial\330-SSAO\330-SSAO\main.cpp(68,11): warning C4244: '=': conversion from 'double' to 'float', possible loss of data
D:\Work\Developer\C_C++\OpenGL\Tutorial\OpenGLTutorial\330-SSAO\330-SSAO\main.cpp(72,16): warning C4244: 'initializing': conversion from 'double' to 'float', possible loss of data
D:\Work\Developer\C_C++\OpenGL\Tutorial\OpenGLTutorial\330-SSAO\330-SSAO\main.cpp(73,16): warning C4244: 'initializing': conversion from 'double' to 'float', possible loss of data
D:\Work\Developer\C_C++\OpenGL\Tutorial\OpenGLTutorial\330-SSAO\330-SSAO\main.cpp(75,10): warning C4244: '=': conversion from 'double' to 'float', possible loss of data
D:\Work\Developer\C_C++\OpenGL\Tutorial\OpenGLTutorial\330-SSAO\330-SSAO\main.cpp(76,10): warning C4244: '=': conversion from 'double' to 'float', possible loss of data
D:\Work\Developer\C_C++\OpenGL\Tutorial\OpenGLTutorial\330-SSAO\330-SSAO\main.cpp(85,28): warning C4244: 'argument': conversion from 'double' to 'float', possible loss of data
D:\Work\Developer\C_C++\OpenGL\Tutorial\OpenGLTutorial\330-SSAO\330-SSAO\main.cpp(371,14): warning C4244: 'initializing': conversion from 'double' to 'float', possible loss of data
D:\Work\Developer\C_C++\OpenGL\Tutorial\OpenGLTutorial\330-SSAO\330-SSAO\main.cpp(372,14): warning C4244: 'initializing': conversion from 'double' to 'float', possible loss of data
D:\Work\Developer\C_C++\OpenGL\Tutorial\OpenGLTutorial\330-SSAO\330-SSAO\main.cpp(373,14): warning C4244: 'initializing': conversion from 'double' to 'float', possible loss of data
D:\Work\Developer\C_C++\OpenGL\Tutorial\OpenGLTutorial\330-SSAO\330-SSAO\main.cpp(376,16): warning C4244: 'initializing': conversion from 'double' to 'float', possible loss of data
D:\Work\Developer\C_C++\OpenGL\Tutorial\OpenGLTutorial\330-SSAO\330-SSAO\main.cpp(377,16): warning C4244: 'initializing': conversion from 'double' to 'float', possible loss of data
D:\Work\Developer\C_C++\OpenGL\Tutorial\OpenGLTutorial\330-SSAO\330-SSAO\main.cpp(378,16): warning C4244: 'initializing': conversion from 'double' to 'float', possible loss of data
D:\Work\Developer\C_C++\OpenGL\Tutorial\OpenGLTutorial\330-SSAO\330-SSAO\main.cpp(402,22): warning C4244: 'initializing': conversion from 'double' to 'float', possible loss of data
D:\Work\Developer\C_C++\OpenGL\Tutorial\OpenGLTutorial\330-SSAO\330-SSAO\main.cpp(452,28): warning C4305: 'initializing': truncation from 'double' to 'float'
D:\Work\Developer\C_C++\OpenGL\Tutorial\OpenGLTutorial\330-SSAO\330-SSAO\main.cpp(453,31): warning C4305: 'initializing': truncation from 'double' to 'float'
main.obj : error LNK2019: unresolved external symbol _glfwInit referenced in function _main
main.obj : error LNK2019: unresolved external symbol _glfwTerminate referenced in function _main
main.obj : error LNK2019: unresolved external symbol _glfwWindowHint referenced in function _main
main.obj : error LNK2019: unresolved external symbol _glfwCreateWindow referenced in function _main
main.obj : error LNK2019: unresolved external symbol _glfwWindowShouldClose referenced in function _main
main.obj : error LNK2019: unresolved external symbol _glfwSetWindowShouldClose referenced in function "void __cdecl processInput(struct GLFWwindow *)" (?processInput@@YAXPAUGLFWwindow@@@Z)
main.obj : error LNK2019: unresolved external symbol _glfwSetFramebufferSizeCallback referenced in function _main
main.obj : error LNK2019: unresolved external symbol _glfwPollEvents referenced in function _main
main.obj : error LNK2019: unresolved external symbol _glfwSetInputMode referenced in function _main
main.obj : error LNK2019: unresolved external symbol _glfwGetKey referenced in function "void __cdecl processInput(struct GLFWwindow *)" (?processInput@@YAXPAUGLFWwindow@@@Z)
main.obj : error LNK2019: unresolved external symbol _glfwSetCursorPosCallback referenced in function _main
main.obj : error LNK2019: unresolved external symbol _glfwSetScrollCallback referenced in function _main
main.obj : error LNK2019: unresolved external symbol _glfwGetTime referenced in function _main
main.obj : error LNK2019: unresolved external symbol _glfwMakeContextCurrent referenced in function _main
main.obj : error LNK2019: unresolved external symbol _glfwSwapBuffers referenced in function _main
main.obj : error LNK2019: unresolved external symbol _glfwGetProcAddress referenced in function _main
main.obj : error LNK2019: unresolved external symbol "public: __thiscall Assimp::Importer::Importer(void)" (??0Importer@Assimp@@QAE@XZ) referenced in function "private: void __thiscall Model::loadModel(class std::basic_string<char,struct std::char_traits<char>,class std::allocator<char> > const &)" (?loadModel@Model@@AAEXABV?$basic_string@DU?$char_traits@D@std@@V?$allocator@D@2@@std@@@Z)
main.obj : error LNK2019: unresolved external symbol "public: __thiscall Assimp::Importer::~Importer(void)" (??1Importer@Assimp@@QAE@XZ) referenced in function "private: void __thiscall Model::loadModel(class std::basic_string<char,struct std::char_traits<char>,class std::allocator<char> > const &)" (?loadModel@Model@@AAEXABV?$basic_string@DU?$char_traits@D@std@@V?$allocator@D@2@@std@@@Z)
main.obj : error LNK2019: unresolved external symbol "public: struct aiScene const * __thiscall Assimp::Importer::ReadFile(char const *,unsigned int)" (?ReadFile@Importer@Assimp@@QAEPBUaiScene@@PBDI@Z) referenced in function "public: struct aiScene const * __thiscall Assimp::Importer::ReadFile(class std::basic_string<char,struct std::char_traits<char>,class std::allocator<char> > const &,unsigned int)" (?ReadFile@Importer@Assimp@@QAEPBUaiScene@@ABV?$basic_string@DU?$char_traits@D@std@@V?$allocator@D@2@@std@@I@Z)
main.obj : error LNK2019: unresolved external symbol "public: char const * __thiscall Assimp::Importer::GetErrorString(void)const " (?GetErrorString@Importer@Assimp@@QBEPBDXZ) referenced in function "private: void __thiscall Model::loadModel(class std::basic_string<char,struct std::char_traits<char>,class std::allocator<char> > const &)" (?loadModel@Model@@AAEXABV?$basic_string@DU?$char_traits@D@std@@V?$allocator@D@2@@std@@@Z)
main.obj : error LNK2019: unresolved external symbol _aiGetMaterialTextureCount referenced in function "public: unsigned int __thiscall aiMaterial::GetTextureCount(enum aiTextureType)const " (?GetTextureCount@aiMaterial@@QBEIW4aiTextureType@@@Z)
main.obj : error LNK2019: unresolved external symbol _aiGetMaterialTexture referenced in function "public: enum aiReturn __thiscall aiMaterial::GetTexture(enum aiTextureType,unsigned int,struct aiString *,enum aiTextureMapping *,unsigned int *,float *,enum aiTextureOp *,enum aiTextureMapMode *)const " (?GetTexture@aiMaterial@@QBE?AW4aiReturn@@W4aiTextureType@@IPAUaiString@@PAW4aiTextureMapping@@PAIPAMPAW4aiTextureOp@@PAW4aiTextureMapMode@@@Z)
D:\Work\Developer\C_C++\OpenGL\Tutorial\libraries\lib\assimp-vc142-mtd.lib : warning LNK4272: library machine type 'x64' conflicts with target machine type 'x86'
D:\Work\Developer\C_C++\OpenGL\Tutorial\libraries\lib\glfw3.lib : warning LNK4272: library machine type 'x64' conflicts with target machine type 'x86'
D:\Work\Developer\C_C++\OpenGL\Tutorial\OpenGLTutorial\330-SSAO\Debug\330-SSAO.exe : fatal error LNK1120: 22 unresolved externals
